
  .   ____          _            __ _ _
 /\\ / ___'_ __ _ _(_)_ __  __ _ \ \ \ \
( ( )\___ | '_ | '_| | '_ \/ _` | \ \ \ \
 \\/  ___)| |_)| | | | | || (_| |  ) ) ) )
  '  |____| .__|_| |_|_| |_\__, | / / / /
 =========|_|==============|___/=/_/_/_/

 :: Spring Boot ::               (v3.5.11)

2026-03-23T09:16:37.199+05:30  INFO 88536 --- [           main] c.s.o.ExamPortalApplication              : Starting ExamPortalApplication v0.0.1-SNAPSHOT using Java 24.0.1 with PID 88536 (C:\Users\2479482\Downloads\Main_Online_Exam_Portal\Online-Exam-Portal\online-exam-portal\target\online-exam-portal-0.0.1-SNAPSHOT.jar started by 2479482 in C:\Users\2479482\Downloads\Main_Online_Exam_Portal\Online-Exam-Portal\online-exam-portal)
2026-03-23T09:16:37.205+05:30  INFO 88536 --- [           main] c.s.o.ExamPortalApplication              : No active profile set, falling back to 1 default profile: "default"
2026-03-23T09:16:39.453+05:30  INFO 88536 --- [           main] .s.d.r.c.RepositoryConfigurationDelegate : Bootstrapping Spring Data JPA repositories in DEFAULT mode.
2026-03-23T09:16:39.664+05:30  INFO 88536 --- [           main] .s.d.r.c.RepositoryConfigurationDelegate : Finished Spring Data repository scanning in 189 ms. Found 7 JPA repository interfaces.
2026-03-23T09:16:41.215+05:30  INFO 88536 --- [           main] o.s.b.w.embedded.tomcat.TomcatWebServer  : Tomcat initialized with port 9091 (http)
2026-03-23T09:16:41.232+05:30  INFO 88536 --- [           main] o.apache.catalina.core.StandardService   : Starting service [Tomcat]
2026-03-23T09:16:41.233+05:30  INFO 88536 --- [           main] o.apache.catalina.core.StandardEngine    : Starting Servlet engine: [Apache Tomcat/10.1.52]
2026-03-23T09:16:41.279+05:30  INFO 88536 --- [           main] o.a.c.c.C.[Tomcat].[localhost].[/]       : Initializing Spring embedded WebApplicationContext
2026-03-23T09:16:41.280+05:30  INFO 88536 --- [           main] w.s.c.ServletWebServerApplicationContext : Root WebApplicationContext: initialization completed in 3955 ms
2026-03-23T09:16:41.406+05:30  INFO 88536 --- [           main] com.zaxxer.hikari.HikariDataSource       : HikariPool-1 - Starting...
2026-03-23T09:16:42.267+05:30  INFO 88536 --- [           main] com.zaxxer.hikari.pool.HikariPool        : HikariPool-1 - Added connection com.mysql.cj.jdbc.ConnectionImpl@2fc49538
2026-03-23T09:16:42.273+05:30  INFO 88536 --- [           main] com.zaxxer.hikari.HikariDataSource       : HikariPool-1 - Start completed.
2026-03-23T09:16:42.739+05:30  INFO 88536 --- [           main] o.hibernate.jpa.internal.util.LogHelper  : HHH000204: Processing PersistenceUnitInfo [name: default]
2026-03-23T09:16:42.966+05:30  INFO 88536 --- [           main] org.hibernate.Version                    : HHH000412: Hibernate ORM core version 6.6.42.Final
2026-03-23T09:16:43.081+05:30  INFO 88536 --- [           main] o.h.c.internal.RegionFactoryInitiator    : HHH000026: Second-level cache disabled
2026-03-23T09:16:43.625+05:30  INFO 88536 --- [           main] o.s.o.j.p.SpringPersistenceUnitInfo      : No LoadTimeWeaver setup: ignoring JPA class transformer
2026-03-23T09:16:43.847+05:30  INFO 88536 --- [           main] org.hibernate.orm.connections.pooling    : HHH10001005: Database info:
	Database JDBC URL [Connecting through datasource 'HikariDataSource (HikariPool-1)']
	Database driver: undefined/unknown
	Database version: 8.0.44
	Autocommit mode: undefined/unknown
	Isolation level: undefined/unknown
	Minimum pool size: undefined/unknown
	Maximum pool size: undefined/unknown
2026-03-23T09:16:45.516+05:30  INFO 88536 --- [           main] o.h.e.t.j.p.i.JtaPlatformInitiator       : HHH000489: No JTA platform available (set 'hibernate.transaction.jta.platform' to enable JTA platform integration)
2026-03-23T09:16:45.661+05:30  INFO 88536 --- [           main] j.LocalContainerEntityManagerFactoryBean : Initialized JPA EntityManagerFactory for persistence unit 'default'
2026-03-23T09:16:47.241+05:30  WARN 88536 --- [           main] .s.s.UserDetailsServiceAutoConfiguration : 

Using generated security password: 340e5e7c-b767-43f4-8ec6-9cf708d3627e

This generated password is for development use only. Your security configuration must be updated before running your application in production.

2026-03-23T09:16:47.268+05:30  INFO 88536 --- [           main] r$InitializeUserDetailsManagerConfigurer : Global AuthenticationManager configured with UserDetailsService bean with name inMemoryUserDetailsManager
2026-03-23T09:16:47.584+05:30 DEBUG 88536 --- [           main] o.s.s.web.DefaultSecurityFilterChain     : Will secure any request with filters: DisableEncodeUrlFilter, WebAsyncManagerIntegrationFilter, SecurityContextHolderFilter, HeaderWriterFilter, LogoutFilter, JwtFilter, RequestCacheAwareFilter, SecurityContextHolderAwareRequestFilter, AnonymousAuthenticationFilter, SessionManagementFilter, ExceptionTranslationFilter, AuthorizationFilter
2026-03-23T09:16:48.255+05:30  INFO 88536 --- [           main] o.s.b.w.embedded.tomcat.TomcatWebServer  : Tomcat started on port 9091 (http) with context path '/'
2026-03-23T09:16:48.288+05:30  INFO 88536 --- [           main] c.s.o.ExamPortalApplication              : Started ExamPortalApplication in 12.087 seconds (process running for 13.071)
2026-03-23T09:20:32.696+05:30  INFO 88536 --- [nio-9091-exec-1] o.a.c.c.C.[Tomcat].[localhost].[/]       : Initializing Spring DispatcherServlet 'dispatcherServlet'
2026-03-23T09:20:32.696+05:30  INFO 88536 --- [nio-9091-exec-1] o.s.web.servlet.DispatcherServlet        : Initializing Servlet 'dispatcherServlet'
2026-03-23T09:20:32.706+05:30  INFO 88536 --- [nio-9091-exec-1] o.s.web.servlet.DispatcherServlet        : Completed initialization in 10 ms
2026-03-23T09:20:32.802+05:30 DEBUG 88536 --- [nio-9091-exec-1] o.s.security.web.FilterChainProxy        : Securing GET /api/exams/subjects
2026-03-23T09:20:32.848+05:30 DEBUG 88536 --- [nio-9091-exec-1] o.s.s.w.a.AnonymousAuthenticationFilter  : Set SecurityContextHolder to anonymous SecurityContext
2026-03-23T09:20:32.866+05:30 DEBUG 88536 --- [nio-9091-exec-1] o.s.s.w.a.Http403ForbiddenEntryPoint     : Pre-authenticated entry point called. Rejecting access
2026-03-23T09:20:32.941+05:30 DEBUG 88536 --- [nio-9091-exec-1] o.s.security.web.FilterChainProxy        : Securing GET /error
2026-03-23T09:20:32.945+05:30 DEBUG 88536 --- [nio-9091-exec-1] o.s.s.w.a.AnonymousAuthenticationFilter  : Set SecurityContextHolder to anonymous SecurityContext
2026-03-23T09:20:32.949+05:30 DEBUG 88536 --- [nio-9091-exec-1] o.s.s.w.a.Http403ForbiddenEntryPoint     : Pre-authenticated entry point called. Rejecting access
