
  .   ____          _            __ _ _
 /\\ / ___'_ __ _ _(_)_ __  __ _ \ \ \ \
( ( )\___ | '_ | '_| | '_ \/ _` | \ \ \ \
 \\/  ___)| |_)| | | | | || (_| |  ) ) ) )
  '  |____| .__|_| |_|_| |_\__, | / / / /
 =========|_|==============|___/=/_/_/_/

 :: Spring Boot ::               (v3.5.11)

2026-03-25T11:27:26.640+05:30  INFO 48132 --- [           main] c.s.o.ExamPortalApplication              : Starting ExamPortalApplication v0.0.1-SNAPSHOT using Java 24.0.1 with PID 48132 (C:\Users\2479482\Downloads\Main_Online_Exam_Portal\Online-Exam-Portal\online-exam-portal\target\online-exam-portal-0.0.1-SNAPSHOT.jar started by 2479482 in C:\Users\2479482\Downloads\Main_Online_Exam_Portal\Online-Exam-Portal\online-exam-portal)
2026-03-25T11:27:26.642+05:30  INFO 48132 --- [           main] c.s.o.ExamPortalApplication              : No active profile set, falling back to 1 default profile: "default"
2026-03-25T11:27:27.512+05:30  INFO 48132 --- [           main] .s.d.r.c.RepositoryConfigurationDelegate : Bootstrapping Spring Data JPA repositories in DEFAULT mode.
2026-03-25T11:27:27.595+05:30  INFO 48132 --- [           main] .s.d.r.c.RepositoryConfigurationDelegate : Finished Spring Data repository scanning in 72 ms. Found 9 JPA repository interfaces.
2026-03-25T11:27:28.348+05:30  INFO 48132 --- [           main] o.s.b.w.embedded.tomcat.TomcatWebServer  : Tomcat initialized with port 9093 (http)
2026-03-25T11:27:28.379+05:30  INFO 48132 --- [           main] o.apache.catalina.core.StandardService   : Starting service [Tomcat]
2026-03-25T11:27:28.380+05:30  INFO 48132 --- [           main] o.apache.catalina.core.StandardEngine    : Starting Servlet engine: [Apache Tomcat/10.1.52]
2026-03-25T11:27:28.434+05:30  INFO 48132 --- [           main] o.a.c.c.C.[Tomcat].[localhost].[/]       : Initializing Spring embedded WebApplicationContext
2026-03-25T11:27:28.435+05:30  INFO 48132 --- [           main] w.s.c.ServletWebServerApplicationContext : Root WebApplicationContext: initialization completed in 1737 ms
2026-03-25T11:27:28.520+05:30  INFO 48132 --- [           main] com.zaxxer.hikari.HikariDataSource       : HikariPool-1 - Starting...
2026-03-25T11:27:29.041+05:30  INFO 48132 --- [           main] com.zaxxer.hikari.pool.HikariPool        : HikariPool-1 - Added connection com.mysql.cj.jdbc.ConnectionImpl@47a4eee2
2026-03-25T11:27:29.046+05:30  INFO 48132 --- [           main] com.zaxxer.hikari.HikariDataSource       : HikariPool-1 - Start completed.
2026-03-25T11:27:29.178+05:30  INFO 48132 --- [           main] o.hibernate.jpa.internal.util.LogHelper  : HHH000204: Processing PersistenceUnitInfo [name: default]
2026-03-25T11:27:29.281+05:30  INFO 48132 --- [           main] org.hibernate.Version                    : HHH000412: Hibernate ORM core version 6.6.42.Final
2026-03-25T11:27:29.351+05:30  INFO 48132 --- [           main] o.h.c.internal.RegionFactoryInitiator    : HHH000026: Second-level cache disabled
2026-03-25T11:27:29.645+05:30  INFO 48132 --- [           main] o.s.o.j.p.SpringPersistenceUnitInfo      : No LoadTimeWeaver setup: ignoring JPA class transformer
2026-03-25T11:27:29.727+05:30  INFO 48132 --- [           main] org.hibernate.orm.connections.pooling    : HHH10001005: Database info:
	Database JDBC URL [Connecting through datasource 'HikariDataSource (HikariPool-1)']
	Database driver: undefined/unknown
	Database version: 8.0.44
	Autocommit mode: undefined/unknown
	Isolation level: undefined/unknown
	Minimum pool size: undefined/unknown
	Maximum pool size: undefined/unknown
2026-03-25T11:27:30.519+05:30  INFO 48132 --- [           main] o.h.e.t.j.p.i.JtaPlatformInitiator       : HHH000489: No JTA platform available (set 'hibernate.transaction.jta.platform' to enable JTA platform integration)
2026-03-25T11:27:30.522+05:30  INFO 48132 --- [           main] j.LocalContainerEntityManagerFactoryBean : Initialized JPA EntityManagerFactory for persistence unit 'default'
2026-03-25T11:27:31.251+05:30  WARN 48132 --- [           main] .s.s.UserDetailsServiceAutoConfiguration : 

Using generated security password: 1792e28e-d09f-4390-818d-f027a00ffd33

This generated password is for development use only. Your security configuration must be updated before running your application in production.

2026-03-25T11:27:31.275+05:30  INFO 48132 --- [           main] r$InitializeUserDetailsManagerConfigurer : Global AuthenticationManager configured with UserDetailsService bean with name inMemoryUserDetailsManager
2026-03-25T11:27:31.416+05:30 DEBUG 48132 --- [           main] o.s.s.web.DefaultSecurityFilterChain     : Will secure any request with filters: DisableEncodeUrlFilter, WebAsyncManagerIntegrationFilter, SecurityContextHolderFilter, HeaderWriterFilter, CorsFilter, LogoutFilter, JwtFilter, RequestCacheAwareFilter, SecurityContextHolderAwareRequestFilter, AnonymousAuthenticationFilter, SessionManagementFilter, ExceptionTranslationFilter, AuthorizationFilter
2026-03-25T11:27:31.744+05:30  WARN 48132 --- [           main] ConfigServletWebServerApplicationContext : Exception encountered during context initialization - cancelling refresh attempt: org.springframework.context.ApplicationContextException: Failed to start bean 'webServerStartStop'
2026-03-25T11:27:31.747+05:30  INFO 48132 --- [           main] j.LocalContainerEntityManagerFactoryBean : Closing JPA EntityManagerFactory for persistence unit 'default'
2026-03-25T11:27:31.751+05:30  INFO 48132 --- [           main] com.zaxxer.hikari.HikariDataSource       : HikariPool-1 - Shutdown initiated...
2026-03-25T11:27:31.766+05:30  INFO 48132 --- [           main] com.zaxxer.hikari.HikariDataSource       : HikariPool-1 - Shutdown completed.
2026-03-25T11:27:31.789+05:30  INFO 48132 --- [           main] .s.b.a.l.ConditionEvaluationReportLogger : 

Error starting ApplicationContext. To display the condition evaluation report re-run your application with 'debug' enabled.
2026-03-25T11:27:31.819+05:30 ERROR 48132 --- [           main] o.s.b.d.LoggingFailureAnalysisReporter   : 

***************************
APPLICATION FAILED TO START
***************************

Description:

Web server failed to start. Port 9093 was already in use.

Action:

Identify and stop the process that's listening on port 9093 or configure this application to listen on another port.

